2025-05-26 21:51:36,497 - INFO - Conectado ao broker MQTT 54.207.122.55
2025-05-26 21:51:36,498 - INFO - connect
2025-05-26 21:51:36,499 - INFO - opening connection
2025-05-26 21:51:36,508 - INFO - updating client limits to: TransportLimits(max_recv_buffer=65535, max_send_buffer=65535, max_chunk_count=0, max_message_size=0)
2025-05-26 21:51:36,508 - INFO - open_secure_channel
2025-05-26 21:51:36,513 - INFO - create_session
2025-05-26 21:51:36,519 - INFO - find_endpoint [EndpointDescription(EndpointUrl='opc.tcp://TCC:4840', Server=ApplicationDescription(ApplicationUri='urn:TCC:Eaton%20Automation:Plc3%20V3.5.19.61-77f4%20192.168.119.204%20:OPCUA:Server', ProductUri='urn:Eaton%20Automation:Plc3%20V3.5.19.61-77f4%20192.168.119.204%20:OPCUA:Server', ApplicationName=LocalizedText(Locale='en-Us', Text='OPCUAServer@TCC'), ApplicationType_=<ApplicationType.Server: 0>, GatewayServerUri='', DiscoveryProfileUri=None, DiscoveryUrls=['opc.tcp://TCC:4840']), ServerCertificate=None, SecurityMode=<MessageSecurityMode.None_: 1>, SecurityPolicyUri='http://opcfoundation.org/UA/SecurityPolicy#None', UserIdentityTokens=[UserTokenPolicy(PolicyId='UserPassword', TokenType=<UserTokenType.UserName: 1>, IssuedTokenType=None, IssuerEndpointUrl=None, SecurityPolicyUri='http://opcfoundation.org/UA/SecurityPolicy#None'), UserTokenPolicy(PolicyId='Anonymous', TokenType=<UserTokenType.Anonymous: 0>, IssuedTokenType=None, IssuerEndpointUrl=None, SecurityPolicyUri=None)], TransportProfileUri='http://opcfoundation.org/UA-Profile/Transport/uatcp-uasc-uabinary', SecurityLevel=0), EndpointDescription(EndpointUrl='opc.tcp://192.168.119.204:4840', Server=ApplicationDescription(ApplicationUri='urn:TCC:Eaton%20Automation:Plc3%20V3.5.19.61-77f4%20192.168.119.204%20:OPCUA:Server', ProductUri='urn:Eaton%20Automation:Plc3%20V3.5.19.61-77f4%20192.168.119.204%20:OPCUA:Server', ApplicationName=LocalizedText(Locale='en-Us', Text='OPCUAServer@TCC'), ApplicationType_=<ApplicationType.Server: 0>, GatewayServerUri='', DiscoveryProfileUri=None, DiscoveryUrls=['opc.tcp://TCC:4840']), ServerCertificate=None, SecurityMode=<MessageSecurityMode.None_: 1>, SecurityPolicyUri='http://opcfoundation.org/UA/SecurityPolicy#None', UserIdentityTokens=[UserTokenPolicy(PolicyId='UserPassword', TokenType=<UserTokenType.UserName: 1>, IssuedTokenType=None, IssuerEndpointUrl=None, SecurityPolicyUri='http://opcfoundation.org/UA/SecurityPolicy#None'), UserTokenPolicy(PolicyId='Anonymous', TokenType=<UserTokenType.Anonymous: 0>, IssuedTokenType=None, IssuerEndpointUrl=None, SecurityPolicyUri=None)], TransportProfileUri='http://opcfoundation.org/UA-Profile/Transport/uatcp-uasc-uabinary', SecurityLevel=0)] <MessageSecurityMode.None_: 1> 'http://opcfoundation.org/UA/SecurityPolicy#None'
2025-05-26 21:51:36,519 - INFO - activate_session
2025-05-26 21:51:37,777 - INFO - Conectado ao CLP
2025-05-26 21:51:59,766 - INFO - Conectado ao broker MQTT 54.207.122.55
2025-05-26 21:51:59,768 - INFO - connect
2025-05-26 21:51:59,768 - INFO - opening connection
2025-05-26 21:51:59,773 - INFO - updating client limits to: TransportLimits(max_recv_buffer=65535, max_send_buffer=65535, max_chunk_count=0, max_message_size=0)
2025-05-26 21:51:59,774 - INFO - open_secure_channel
2025-05-26 21:51:59,779 - INFO - create_session
2025-05-26 21:51:59,784 - INFO - find_endpoint [EndpointDescription(EndpointUrl='opc.tcp://TCC:4840', Server=ApplicationDescription(ApplicationUri='urn:TCC:Eaton%20Automation:Plc3%20V3.5.19.61-77f4%20192.168.119.204%20:OPCUA:Server', ProductUri='urn:Eaton%20Automation:Plc3%20V3.5.19.61-77f4%20192.168.119.204%20:OPCUA:Server', ApplicationName=LocalizedText(Locale='en-Us', Text='OPCUAServer@TCC'), ApplicationType_=<ApplicationType.Server: 0>, GatewayServerUri='', DiscoveryProfileUri=None, DiscoveryUrls=['opc.tcp://TCC:4840']), ServerCertificate=None, SecurityMode=<MessageSecurityMode.None_: 1>, SecurityPolicyUri='http://opcfoundation.org/UA/SecurityPolicy#None', UserIdentityTokens=[UserTokenPolicy(PolicyId='UserPassword', TokenType=<UserTokenType.UserName: 1>, IssuedTokenType=None, IssuerEndpointUrl=None, SecurityPolicyUri='http://opcfoundation.org/UA/SecurityPolicy#None'), UserTokenPolicy(PolicyId='Anonymous', TokenType=<UserTokenType.Anonymous: 0>, IssuedTokenType=None, IssuerEndpointUrl=None, SecurityPolicyUri=None)], TransportProfileUri='http://opcfoundation.org/UA-Profile/Transport/uatcp-uasc-uabinary', SecurityLevel=0), EndpointDescription(EndpointUrl='opc.tcp://192.168.119.204:4840', Server=ApplicationDescription(ApplicationUri='urn:TCC:Eaton%20Automation:Plc3%20V3.5.19.61-77f4%20192.168.119.204%20:OPCUA:Server', ProductUri='urn:Eaton%20Automation:Plc3%20V3.5.19.61-77f4%20192.168.119.204%20:OPCUA:Server', ApplicationName=LocalizedText(Locale='en-Us', Text='OPCUAServer@TCC'), ApplicationType_=<ApplicationType.Server: 0>, GatewayServerUri='', DiscoveryProfileUri=None, DiscoveryUrls=['opc.tcp://TCC:4840']), ServerCertificate=None, SecurityMode=<MessageSecurityMode.None_: 1>, SecurityPolicyUri='http://opcfoundation.org/UA/SecurityPolicy#None', UserIdentityTokens=[UserTokenPolicy(PolicyId='UserPassword', TokenType=<UserTokenType.UserName: 1>, IssuedTokenType=None, IssuerEndpointUrl=None, SecurityPolicyUri='http://opcfoundation.org/UA/SecurityPolicy#None'), UserTokenPolicy(PolicyId='Anonymous', TokenType=<UserTokenType.Anonymous: 0>, IssuedTokenType=None, IssuerEndpointUrl=None, SecurityPolicyUri=None)], TransportProfileUri='http://opcfoundation.org/UA-Profile/Transport/uatcp-uasc-uabinary', SecurityLevel=0)] <MessageSecurityMode.None_: 1> 'http://opcfoundation.org/UA/SecurityPolicy#None'
2025-05-26 21:51:59,785 - INFO - activate_session
2025-05-26 21:52:01,041 - INFO - Conectado ao CLP
2025-05-26 21:56:58,908 - INFO - Conectado ao broker MQTT 54.207.122.55
2025-05-26 21:56:58,910 - INFO - connect
2025-05-26 21:56:58,910 - INFO - opening connection
2025-05-26 21:56:58,915 - INFO - updating client limits to: TransportLimits(max_recv_buffer=65535, max_send_buffer=65535, max_chunk_count=0, max_message_size=0)
2025-05-26 21:56:58,915 - INFO - open_secure_channel
2025-05-26 21:56:58,920 - INFO - create_session
2025-05-26 21:56:58,926 - INFO - find_endpoint [EndpointDescription(EndpointUrl='opc.tcp://TCC:4840', Server=ApplicationDescription(ApplicationUri='urn:TCC:Eaton%20Automation:Plc3%20V3.5.19.61-77f4%20192.168.119.204%20:OPCUA:Server', ProductUri='urn:Eaton%20Automation:Plc3%20V3.5.19.61-77f4%20192.168.119.204%20:OPCUA:Server', ApplicationName=LocalizedText(Locale='en-Us', Text='OPCUAServer@TCC'), ApplicationType_=<ApplicationType.Server: 0>, GatewayServerUri='', DiscoveryProfileUri=None, DiscoveryUrls=['opc.tcp://TCC:4840']), ServerCertificate=None, SecurityMode=<MessageSecurityMode.None_: 1>, SecurityPolicyUri='http://opcfoundation.org/UA/SecurityPolicy#None', UserIdentityTokens=[UserTokenPolicy(PolicyId='UserPassword', TokenType=<UserTokenType.UserName: 1>, IssuedTokenType=None, IssuerEndpointUrl=None, SecurityPolicyUri='http://opcfoundation.org/UA/SecurityPolicy#None'), UserTokenPolicy(PolicyId='Anonymous', TokenType=<UserTokenType.Anonymous: 0>, IssuedTokenType=None, IssuerEndpointUrl=None, SecurityPolicyUri=None)], TransportProfileUri='http://opcfoundation.org/UA-Profile/Transport/uatcp-uasc-uabinary', SecurityLevel=0), EndpointDescription(EndpointUrl='opc.tcp://192.168.119.204:4840', Server=ApplicationDescription(ApplicationUri='urn:TCC:Eaton%20Automation:Plc3%20V3.5.19.61-77f4%20192.168.119.204%20:OPCUA:Server', ProductUri='urn:Eaton%20Automation:Plc3%20V3.5.19.61-77f4%20192.168.119.204%20:OPCUA:Server', ApplicationName=LocalizedText(Locale='en-Us', Text='OPCUAServer@TCC'), ApplicationType_=<ApplicationType.Server: 0>, GatewayServerUri='', DiscoveryProfileUri=None, DiscoveryUrls=['opc.tcp://TCC:4840']), ServerCertificate=None, SecurityMode=<MessageSecurityMode.None_: 1>, SecurityPolicyUri='http://opcfoundation.org/UA/SecurityPolicy#None', UserIdentityTokens=[UserTokenPolicy(PolicyId='UserPassword', TokenType=<UserTokenType.UserName: 1>, IssuedTokenType=None, IssuerEndpointUrl=None, SecurityPolicyUri='http://opcfoundation.org/UA/SecurityPolicy#None'), UserTokenPolicy(PolicyId='Anonymous', TokenType=<UserTokenType.Anonymous: 0>, IssuedTokenType=None, IssuerEndpointUrl=None, SecurityPolicyUri=None)], TransportProfileUri='http://opcfoundation.org/UA-Profile/Transport/uatcp-uasc-uabinary', SecurityLevel=0)] <MessageSecurityMode.None_: 1> 'http://opcfoundation.org/UA/SecurityPolicy#None'
2025-05-26 21:56:58,926 - INFO - activate_session
2025-05-26 21:57:00,183 - INFO - Conectado ao CLP
2025-05-26 21:57:00,186 - INFO - Leitura adicionada: 19.0
2025-05-26 21:57:00,189 - INFO - Leitura adicionada: 20.0
2025-05-26 22:00:00,194 - INFO - Leitura adicionada: 19.0
2025-05-26 22:00:00,199 - INFO - Leitura adicionada: 20.0
2025-05-26 22:00:00,200 - INFO - 🔗 Batch publicado com 2 leituras | Hora: 2025-05-26T21:00:00
2025-05-26 22:03:00,208 - INFO - Leitura adicionada: 19.0
2025-05-26 22:03:00,213 - INFO - Leitura adicionada: 20.0
2025-05-26 22:06:00,218 - INFO - Leitura adicionada: 19.0
2025-05-26 22:06:00,222 - INFO - Leitura adicionada: 20.0
2025-05-26 22:09:00,229 - INFO - Leitura adicionada: 19.0
2025-05-26 22:09:00,234 - INFO - Leitura adicionada: 20.0
2025-05-26 22:12:00,240 - INFO - Leitura adicionada: 19.0
2025-05-26 22:12:00,248 - INFO - Leitura adicionada: 20.0
2025-05-26 22:15:00,255 - INFO - Leitura adicionada: 19.0
2025-05-26 22:15:00,259 - INFO - Leitura adicionada: 20.0
2025-05-26 22:18:00,266 - INFO - Leitura adicionada: 19.0
2025-05-26 22:18:00,270 - INFO - Leitura adicionada: 20.0
2025-05-26 22:21:00,276 - INFO - Leitura adicionada: 19.0
2025-05-26 22:21:00,280 - INFO - Leitura adicionada: 20.0
2025-05-26 22:24:00,285 - INFO - Leitura adicionada: 19.0
2025-05-26 22:24:00,290 - INFO - Leitura adicionada: 20.0
2025-05-26 22:27:00,296 - INFO - Leitura adicionada: 19.0
2025-05-26 22:27:00,302 - INFO - Leitura adicionada: 20.0
2025-05-26 22:30:00,307 - INFO - Leitura adicionada: 19.0
2025-05-26 22:30:00,312 - INFO - Leitura adicionada: 20.0
2025-05-26 22:33:00,317 - INFO - Leitura adicionada: 19.0
2025-05-26 22:33:00,322 - INFO - Leitura adicionada: 20.0
2025-05-26 22:36:00,328 - INFO - Leitura adicionada: 19.0
2025-05-26 22:36:00,332 - INFO - Leitura adicionada: 20.0
2025-05-26 22:39:00,338 - INFO - Leitura adicionada: 19.0
2025-05-26 22:39:00,343 - INFO - Leitura adicionada: 20.0
2025-05-26 22:41:58,928 - INFO - open_secure_channel
2025-05-26 22:42:00,349 - INFO - Leitura adicionada: 19.0
2025-05-26 22:42:00,353 - INFO - Leitura adicionada: 20.0
2025-05-26 22:45:00,359 - INFO - Leitura adicionada: 19.0
2025-05-26 22:45:00,362 - INFO - Leitura adicionada: 20.0
2025-05-26 22:48:00,369 - INFO - Leitura adicionada: 19.0
2025-05-26 22:48:00,374 - INFO - Leitura adicionada: 20.0
2025-05-26 22:51:00,379 - INFO - Leitura adicionada: 19.0
2025-05-26 22:51:00,383 - INFO - Leitura adicionada: 20.0
2025-05-26 22:54:00,389 - INFO - Leitura adicionada: 19.0
2025-05-26 22:54:00,393 - INFO - Leitura adicionada: 20.0
2025-05-26 22:57:00,401 - INFO - Leitura adicionada: 19.0
2025-05-26 22:57:00,407 - INFO - Leitura adicionada: 20.0
2025-05-26 23:00:00,413 - INFO - Leitura adicionada: 19.0
2025-05-26 23:00:00,418 - INFO - Leitura adicionada: 20.0
2025-05-26 23:00:00,420 - INFO - 🔗 Batch publicado com 20 leituras | Hora: 2025-05-26T22:00:00
2025-05-26 23:03:00,426 - INFO - Leitura adicionada: 19.0
2025-05-26 23:03:00,430 - INFO - Leitura adicionada: 20.0
2025-05-26 23:06:00,436 - INFO - Leitura adicionada: 19.0
2025-05-26 23:06:00,441 - INFO - Leitura adicionada: 20.0
2025-05-26 23:09:00,447 - INFO - Leitura adicionada: 19.0
2025-05-26 23:09:00,451 - INFO - Leitura adicionada: 20.0
2025-05-26 23:12:00,459 - INFO - Leitura adicionada: 19.0
2025-05-26 23:12:00,466 - INFO - Leitura adicionada: 20.0
2025-05-26 23:15:00,474 - INFO - Leitura adicionada: 19.0
2025-05-26 23:15:00,478 - INFO - Leitura adicionada: 20.0
2025-05-26 23:18:00,484 - INFO - Leitura adicionada: 19.0
2025-05-26 23:18:00,488 - INFO - Leitura adicionada: 20.0
2025-05-26 23:21:00,493 - INFO - Leitura adicionada: 19.0
2025-05-26 23:21:00,498 - INFO - Leitura adicionada: 20.0
2025-05-26 23:24:00,503 - INFO - Leitura adicionada: 19.0
2025-05-26 23:24:00,508 - INFO - Leitura adicionada: 20.0
2025-05-26 23:26:58,938 - INFO - open_secure_channel
2025-05-26 23:27:00,513 - INFO - Leitura adicionada: 19.0
2025-05-26 23:27:00,518 - INFO - Leitura adicionada: 20.0
2025-05-26 23:30:00,524 - INFO - Leitura adicionada: 19.0
2025-05-26 23:30:00,528 - INFO - Leitura adicionada: 20.0
2025-05-26 23:33:00,535 - INFO - Leitura adicionada: 19.0
2025-05-26 23:33:00,539 - INFO - Leitura adicionada: 20.0
2025-05-26 23:36:00,545 - INFO - Leitura adicionada: 19.0
2025-05-26 23:36:00,550 - INFO - Leitura adicionada: 20.0
2025-05-26 23:39:00,556 - INFO - Leitura adicionada: 19.0
2025-05-26 23:39:00,560 - INFO - Leitura adicionada: 20.0
2025-05-26 23:42:00,567 - INFO - Leitura adicionada: 19.0
2025-05-26 23:42:00,571 - INFO - Leitura adicionada: 20.0
2025-05-26 23:45:00,578 - INFO - Leitura adicionada: 19.0
2025-05-26 23:45:00,583 - INFO - Leitura adicionada: 20.0
2025-05-26 23:48:00,590 - INFO - Leitura adicionada: 19.0
2025-05-26 23:48:00,595 - INFO - Leitura adicionada: 20.0
2025-05-26 23:51:00,601 - INFO - Leitura adicionada: 19.0
2025-05-26 23:51:00,605 - INFO - Leitura adicionada: 20.0
2025-05-26 23:54:00,611 - INFO - Leitura adicionada: 19.0
2025-05-26 23:54:00,615 - INFO - Leitura adicionada: 20.0
2025-05-26 23:57:00,621 - INFO - Leitura adicionada: 19.0
2025-05-26 23:57:00,625 - INFO - Leitura adicionada: 20.0
2025-05-27 00:00:00,630 - INFO - Leitura adicionada: 19.0
2025-05-27 00:00:00,635 - INFO - Leitura adicionada: 20.0
2025-05-27 00:00:00,637 - INFO - 🔗 Batch publicado com 20 leituras | Hora: 2025-05-26T23:00:00
2025-05-27 00:03:00,642 - INFO - Leitura adicionada: 19.0
2025-05-27 00:03:00,647 - INFO - Leitura adicionada: 20.0
2025-05-27 00:06:00,654 - INFO - Leitura adicionada: 19.0
2025-05-27 00:06:00,658 - INFO - Leitura adicionada: 20.0
2025-05-27 00:09:00,665 - INFO - Leitura adicionada: 19.0
2025-05-27 00:09:00,670 - INFO - Leitura adicionada: 20.0
2025-05-27 00:11:58,947 - INFO - open_secure_channel
2025-05-27 00:12:00,675 - INFO - Leitura adicionada: 19.0
2025-05-27 00:12:00,679 - INFO - Leitura adicionada: 20.0
2025-05-27 00:15:00,684 - INFO - Leitura adicionada: 19.0
2025-05-27 00:15:00,688 - INFO - Leitura adicionada: 20.0
2025-05-27 00:18:00,694 - INFO - Leitura adicionada: 19.0
2025-05-27 00:18:00,698 - INFO - Leitura adicionada: 20.0
2025-05-27 00:21:00,704 - INFO - Leitura adicionada: 19.0
2025-05-27 00:21:00,708 - INFO - Leitura adicionada: 20.0
2025-05-27 00:24:00,713 - INFO - Leitura adicionada: 19.0
2025-05-27 00:24:00,718 - INFO - Leitura adicionada: 20.0
2025-05-27 00:27:00,724 - INFO - Leitura adicionada: 19.0
2025-05-27 00:27:00,729 - INFO - Leitura adicionada: 20.0
2025-05-27 00:30:00,736 - INFO - Leitura adicionada: 19.0
2025-05-27 00:30:00,742 - INFO - Leitura adicionada: 20.0
2025-05-27 00:33:00,748 - INFO - Leitura adicionada: 19.0
2025-05-27 00:33:00,755 - INFO - Leitura adicionada: 20.0
2025-05-27 00:36:00,761 - INFO - Leitura adicionada: 19.0
2025-05-27 00:36:00,766 - INFO - Leitura adicionada: 20.0
2025-05-27 00:39:00,771 - INFO - Leitura adicionada: 19.0
2025-05-27 00:39:00,775 - INFO - Leitura adicionada: 20.0
2025-05-27 00:42:00,780 - INFO - Leitura adicionada: 19.0
2025-05-27 00:42:00,784 - INFO - Leitura adicionada: 20.0
2025-05-27 00:45:00,791 - INFO - Leitura adicionada: 19.0
2025-05-27 00:45:00,797 - INFO - Leitura adicionada: 20.0
2025-05-27 00:48:00,803 - INFO - Leitura adicionada: 19.0
2025-05-27 00:48:00,807 - INFO - Leitura adicionada: 20.0
2025-05-27 00:51:00,814 - INFO - Leitura adicionada: 19.0
2025-05-27 00:51:00,818 - INFO - Leitura adicionada: 20.0
2025-05-27 00:54:00,825 - INFO - Leitura adicionada: 19.0
2025-05-27 00:54:00,830 - INFO - Leitura adicionada: 20.0
2025-05-27 00:56:58,957 - INFO - open_secure_channel
2025-05-27 00:57:00,837 - INFO - Leitura adicionada: 19.0
2025-05-27 00:57:00,841 - INFO - Leitura adicionada: 20.0
2025-05-27 01:00:00,847 - INFO - Leitura adicionada: 19.0
2025-05-27 01:00:00,853 - INFO - Leitura adicionada: 20.0
2025-05-27 01:00:00,854 - INFO - 🔗 Batch publicado com 20 leituras | Hora: 2025-05-27T00:00:00
2025-05-27 01:03:00,860 - INFO - Leitura adicionada: 19.0
2025-05-27 01:03:00,867 - INFO - Leitura adicionada: 20.0
2025-05-27 01:06:00,872 - INFO - Leitura adicionada: 19.0
2025-05-27 01:06:00,877 - INFO - Leitura adicionada: 20.0
2025-05-27 01:09:00,883 - INFO - Leitura adicionada: 19.0
2025-05-27 01:09:00,887 - INFO - Leitura adicionada: 20.0
2025-05-27 01:12:00,893 - INFO - Leitura adicionada: 19.0
2025-05-27 01:12:00,898 - INFO - Leitura adicionada: 20.0
2025-05-27 01:15:00,904 - INFO - Leitura adicionada: 19.0
2025-05-27 01:15:00,909 - INFO - Leitura adicionada: 20.0
2025-05-27 01:18:00,914 - INFO - Leitura adicionada: 19.0
2025-05-27 01:18:00,918 - INFO - Leitura adicionada: 20.0
2025-05-27 01:21:00,925 - INFO - Leitura adicionada: 19.0
2025-05-27 01:21:00,929 - INFO - Leitura adicionada: 20.0
2025-05-27 01:24:00,935 - INFO - Leitura adicionada: 19.0
2025-05-27 01:24:00,939 - INFO - Leitura adicionada: 20.0
2025-05-27 01:27:00,946 - INFO - Leitura adicionada: 19.0
2025-05-27 01:27:00,950 - INFO - Leitura adicionada: 20.0
2025-05-27 01:30:00,955 - INFO - Leitura adicionada: 19.0
2025-05-27 01:30:00,960 - INFO - Leitura adicionada: 20.0
2025-05-27 01:33:00,965 - INFO - Leitura adicionada: 19.0
2025-05-27 01:33:00,970 - INFO - Leitura adicionada: 20.0
2025-05-27 01:36:00,976 - INFO - Leitura adicionada: 19.0
2025-05-27 01:36:00,980 - INFO - Leitura adicionada: 20.0
2025-05-27 01:39:00,986 - INFO - Leitura adicionada: 19.0
2025-05-27 01:39:00,990 - INFO - Leitura adicionada: 20.0
2025-05-27 01:41:58,966 - INFO - open_secure_channel
2025-05-27 01:42:00,996 - INFO - Leitura adicionada: 19.0
2025-05-27 01:42:01,001 - INFO - Leitura adicionada: 20.0
2025-05-27 01:45:01,007 - INFO - Leitura adicionada: 19.0
2025-05-27 01:45:01,011 - INFO - Leitura adicionada: 20.0
2025-05-27 01:48:01,018 - INFO - Leitura adicionada: 19.0
2025-05-27 01:48:01,022 - INFO - Leitura adicionada: 20.0
2025-05-27 01:51:01,028 - INFO - Leitura adicionada: 19.0
2025-05-27 01:51:01,033 - INFO - Leitura adicionada: 20.0
2025-05-27 01:54:01,039 - INFO - Leitura adicionada: 19.0
2025-05-27 01:54:01,043 - INFO - Leitura adicionada: 20.0
2025-05-27 01:57:01,050 - INFO - Leitura adicionada: 19.0
2025-05-27 01:57:01,054 - INFO - Leitura adicionada: 20.0
2025-05-27 02:00:01,060 - INFO - Leitura adicionada: 19.0
2025-05-27 02:00:01,065 - INFO - Leitura adicionada: 20.0
2025-05-27 02:00:01,067 - INFO - 🔗 Batch publicado com 20 leituras | Hora: 2025-05-27T01:00:00
2025-05-27 02:03:01,072 - INFO - Leitura adicionada: 19.0
2025-05-27 02:03:01,078 - INFO - Leitura adicionada: 20.0
2025-05-27 02:06:01,085 - INFO - Leitura adicionada: 19.0
2025-05-27 02:06:01,089 - INFO - Leitura adicionada: 20.0
2025-05-27 02:09:01,095 - INFO - Leitura adicionada: 19.0
2025-05-27 02:09:01,099 - INFO - Leitura adicionada: 20.0
2025-05-27 02:12:01,105 - INFO - Leitura adicionada: 19.0
2025-05-27 02:12:01,110 - INFO - Leitura adicionada: 20.0
2025-05-27 02:15:01,115 - INFO - Leitura adicionada: 19.0
2025-05-27 02:15:01,120 - INFO - Leitura adicionada: 20.0
2025-05-27 02:18:01,126 - INFO - Leitura adicionada: 19.0
2025-05-27 02:18:01,131 - INFO - Leitura adicionada: 20.0
2025-05-27 02:21:01,138 - INFO - Leitura adicionada: 19.0
2025-05-27 02:21:01,142 - INFO - Leitura adicionada: 20.0
2025-05-27 02:24:01,149 - INFO - Leitura adicionada: 19.0
2025-05-27 02:24:01,153 - INFO - Leitura adicionada: 20.0
2025-05-27 02:26:58,976 - INFO - open_secure_channel
2025-05-27 02:27:01,161 - INFO - Leitura adicionada: 19.0
2025-05-27 02:27:01,165 - INFO - Leitura adicionada: 20.0
2025-05-27 02:30:01,170 - INFO - Leitura adicionada: 19.0
2025-05-27 02:30:01,174 - INFO - Leitura adicionada: 20.0
2025-05-27 02:33:01,180 - INFO - Leitura adicionada: 19.0
2025-05-27 02:33:01,185 - INFO - Leitura adicionada: 20.0
2025-05-27 02:36:01,190 - INFO - Leitura adicionada: 19.0
2025-05-27 02:36:01,195 - INFO - Leitura adicionada: 20.0
2025-05-27 02:39:01,200 - INFO - Leitura adicionada: 19.0
2025-05-27 02:39:01,204 - INFO - Leitura adicionada: 20.0
2025-05-27 02:42:01,211 - INFO - Leitura adicionada: 19.0
2025-05-27 02:42:01,215 - INFO - Leitura adicionada: 20.0
2025-05-27 02:45:01,220 - INFO - Leitura adicionada: 19.0
2025-05-27 02:45:01,225 - INFO - Leitura adicionada: 20.0
2025-05-27 02:48:01,231 - INFO - Leitura adicionada: 19.0
2025-05-27 02:48:01,237 - INFO - Leitura adicionada: 20.0
2025-05-27 02:51:01,244 - INFO - Leitura adicionada: 19.0
2025-05-27 02:51:01,248 - INFO - Leitura adicionada: 20.0
2025-05-27 02:54:01,255 - INFO - Leitura adicionada: 19.0
2025-05-27 02:54:01,259 - INFO - Leitura adicionada: 20.0
2025-05-27 02:57:01,265 - INFO - Leitura adicionada: 19.0
2025-05-27 02:57:01,269 - INFO - Leitura adicionada: 20.0
2025-05-27 03:00:01,275 - INFO - Leitura adicionada: 19.0
2025-05-27 03:00:01,279 - INFO - Leitura adicionada: 20.0
2025-05-27 03:00:01,281 - INFO - 🔗 Batch publicado com 20 leituras | Hora: 2025-05-27T02:00:00
2025-05-27 03:03:01,288 - INFO - Leitura adicionada: 19.0
2025-05-27 03:03:01,293 - INFO - Leitura adicionada: 20.0
2025-05-27 03:06:01,300 - INFO - Leitura adicionada: 19.0
2025-05-27 03:06:01,304 - INFO - Leitura adicionada: 20.0
2025-05-27 03:09:01,310 - INFO - Leitura adicionada: 19.0
2025-05-27 03:09:01,314 - INFO - Leitura adicionada: 20.0
2025-05-27 03:11:58,986 - INFO - open_secure_channel
2025-05-27 03:12:01,320 - INFO - Leitura adicionada: 19.0
2025-05-27 03:12:01,324 - INFO - Leitura adicionada: 20.0
2025-05-27 03:15:01,331 - INFO - Leitura adicionada: 19.0
2025-05-27 03:15:01,335 - INFO - Leitura adicionada: 20.0
2025-05-27 03:18:01,341 - INFO - Leitura adicionada: 19.0
2025-05-27 03:18:01,346 - INFO - Leitura adicionada: 20.0
2025-05-27 03:21:01,353 - INFO - Leitura adicionada: 19.0
2025-05-27 03:21:01,357 - INFO - Leitura adicionada: 20.0
2025-05-27 03:24:01,363 - INFO - Leitura adicionada: 19.0
2025-05-27 03:24:01,367 - INFO - Leitura adicionada: 20.0
2025-05-27 03:27:01,374 - INFO - Leitura adicionada: 19.0
2025-05-27 03:27:01,378 - INFO - Leitura adicionada: 20.0
2025-05-27 03:30:01,385 - INFO - Leitura adicionada: 19.0
2025-05-27 03:30:01,389 - INFO - Leitura adicionada: 20.0
2025-05-27 03:33:01,395 - INFO - Leitura adicionada: 19.0
2025-05-27 03:33:01,400 - INFO - Leitura adicionada: 20.0
2025-05-27 03:36:01,406 - INFO - Leitura adicionada: 19.0
2025-05-27 03:36:01,410 - INFO - Leitura adicionada: 20.0
2025-05-27 03:39:01,416 - INFO - Leitura adicionada: 19.0
2025-05-27 03:39:01,421 - INFO - Leitura adicionada: 20.0
2025-05-27 03:42:01,427 - INFO - Leitura adicionada: 19.0
2025-05-27 03:42:01,431 - INFO - Leitura adicionada: 20.0
2025-05-27 03:45:01,437 - INFO - Leitura adicionada: 19.0
2025-05-27 03:45:01,442 - INFO - Leitura adicionada: 20.0
2025-05-27 03:48:01,449 - INFO - Leitura adicionada: 19.0
2025-05-27 03:48:01,454 - INFO - Leitura adicionada: 20.0
2025-05-27 03:51:01,459 - INFO - Leitura adicionada: 19.0
2025-05-27 03:51:01,463 - INFO - Leitura adicionada: 20.0
2025-05-27 03:54:01,469 - INFO - Leitura adicionada: 19.0
2025-05-27 03:54:01,473 - INFO - Leitura adicionada: 20.0
2025-05-27 03:56:58,996 - INFO - open_secure_channel
2025-05-27 03:57:01,478 - INFO - Leitura adicionada: 19.0
2025-05-27 03:57:01,483 - INFO - Leitura adicionada: 20.0
2025-05-27 04:00:01,488 - INFO - Leitura adicionada: 19.0
2025-05-27 04:00:01,493 - INFO - Leitura adicionada: 20.0
2025-05-27 04:00:01,495 - INFO - 🔗 Batch publicado com 20 leituras | Hora: 2025-05-27T03:00:00
2025-05-27 04:03:01,501 - INFO - Leitura adicionada: 19.0
2025-05-27 04:03:01,505 - INFO - Leitura adicionada: 20.0
2025-05-27 04:06:01,511 - INFO - Leitura adicionada: 19.0
2025-05-27 04:06:01,515 - INFO - Leitura adicionada: 20.0
2025-05-27 04:09:01,521 - INFO - Leitura adicionada: 19.0
2025-05-27 04:09:01,526 - INFO - Leitura adicionada: 20.0
2025-05-27 04:12:01,532 - INFO - Leitura adicionada: 19.0
2025-05-27 04:12:01,537 - INFO - Leitura adicionada: 20.0
2025-05-27 04:15:01,544 - INFO - Leitura adicionada: 19.0
2025-05-27 04:15:01,549 - INFO - Leitura adicionada: 20.0
2025-05-27 04:18:01,554 - INFO - Leitura adicionada: 19.0
2025-05-27 04:18:01,558 - INFO - Leitura adicionada: 20.0
2025-05-27 04:21:01,564 - INFO - Leitura adicionada: 19.0
2025-05-27 04:21:01,570 - INFO - Leitura adicionada: 20.0
2025-05-27 04:24:01,576 - INFO - Leitura adicionada: 19.0
2025-05-27 04:24:01,581 - INFO - Leitura adicionada: 20.0
2025-05-27 04:27:01,586 - INFO - Leitura adicionada: 19.0
2025-05-27 04:27:01,591 - INFO - Leitura adicionada: 20.0
2025-05-27 04:30:01,596 - INFO - Leitura adicionada: 19.0
2025-05-27 04:30:01,600 - INFO - Leitura adicionada: 20.0
2025-05-27 04:33:01,606 - INFO - Leitura adicionada: 19.0
2025-05-27 04:33:01,610 - INFO - Leitura adicionada: 20.0
2025-05-27 04:36:01,618 - INFO - Leitura adicionada: 19.0
2025-05-27 04:36:01,624 - INFO - Leitura adicionada: 20.0
2025-05-27 04:39:01,631 - INFO - Leitura adicionada: 19.0
2025-05-27 04:39:01,635 - INFO - Leitura adicionada: 20.0
2025-05-27 04:41:59,004 - INFO - open_secure_channel
2025-05-27 04:42:01,642 - INFO - Leitura adicionada: 19.0
2025-05-27 04:42:01,646 - INFO - Leitura adicionada: 20.0
2025-05-27 04:45:01,651 - INFO - Leitura adicionada: 19.0
2025-05-27 04:45:01,656 - INFO - Leitura adicionada: 20.0
2025-05-27 04:48:01,661 - INFO - Leitura adicionada: 19.0
2025-05-27 04:48:01,666 - INFO - Leitura adicionada: 20.0
2025-05-27 04:51:01,671 - INFO - Leitura adicionada: 19.0
2025-05-27 04:51:01,676 - INFO - Leitura adicionada: 20.0
2025-05-27 04:54:01,681 - INFO - Leitura adicionada: 19.0
2025-05-27 04:54:01,685 - INFO - Leitura adicionada: 20.0
2025-05-27 04:57:01,691 - INFO - Leitura adicionada: 19.0
2025-05-27 04:57:01,695 - INFO - Leitura adicionada: 20.0
2025-05-27 05:00:01,701 - INFO - Leitura adicionada: 19.0
2025-05-27 05:00:01,705 - INFO - Leitura adicionada: 20.0
2025-05-27 05:00:01,707 - INFO - 🔗 Batch publicado com 20 leituras | Hora: 2025-05-27T04:00:00
2025-05-27 05:03:01,713 - INFO - Leitura adicionada: 19.0
2025-05-27 05:03:01,718 - INFO - Leitura adicionada: 20.0
2025-05-27 05:06:01,726 - INFO - Leitura adicionada: 19.0
2025-05-27 05:06:01,732 - INFO - Leitura adicionada: 20.0
2025-05-27 05:09:01,739 - INFO - Leitura adicionada: 19.0
2025-05-27 05:09:01,744 - INFO - Leitura adicionada: 20.0
2025-05-27 05:12:01,749 - INFO - Leitura adicionada: 19.0
2025-05-27 05:12:01,753 - INFO - Leitura adicionada: 20.0
2025-05-27 05:15:01,758 - INFO - Leitura adicionada: 19.0
2025-05-27 05:15:01,763 - INFO - Leitura adicionada: 20.0
2025-05-27 05:18:01,768 - INFO - Leitura adicionada: 19.0
2025-05-27 05:18:01,772 - INFO - Leitura adicionada: 20.0
2025-05-27 05:21:01,779 - INFO - Leitura adicionada: 19.0
2025-05-27 05:21:01,785 - INFO - Leitura adicionada: 20.0
2025-05-27 05:24:01,792 - INFO - Leitura adicionada: 19.0
2025-05-27 05:24:01,796 - INFO - Leitura adicionada: 20.0
2025-05-27 05:26:59,014 - INFO - open_secure_channel
2025-05-27 05:27:01,802 - INFO - Leitura adicionada: 19.0
2025-05-27 05:27:01,806 - INFO - Leitura adicionada: 20.0
2025-05-27 05:30:01,813 - INFO - Leitura adicionada: 19.0
2025-05-27 05:30:01,817 - INFO - Leitura adicionada: 20.0
2025-05-27 05:33:01,824 - INFO - Leitura adicionada: 19.0
2025-05-27 05:33:01,828 - INFO - Leitura adicionada: 20.0
2025-05-27 05:36:01,835 - INFO - Leitura adicionada: 19.0
2025-05-27 05:36:01,839 - INFO - Leitura adicionada: 20.0
2025-05-27 05:39:01,844 - INFO - Leitura adicionada: 19.0
2025-05-27 05:39:01,849 - INFO - Leitura adicionada: 20.0
2025-05-27 05:42:01,854 - INFO - Leitura adicionada: 19.0
2025-05-27 05:42:01,858 - INFO - Leitura adicionada: 20.0
2025-05-27 05:45:01,864 - INFO - Leitura adicionada: 19.0
2025-05-27 05:45:01,868 - INFO - Leitura adicionada: 20.0
2025-05-27 05:48:01,873 - INFO - Leitura adicionada: 19.0
2025-05-27 05:48:01,878 - INFO - Leitura adicionada: 20.0
2025-05-27 05:51:01,885 - INFO - Leitura adicionada: 19.0
2025-05-27 05:51:01,891 - INFO - Leitura adicionada: 20.0
2025-05-27 05:54:01,897 - INFO - Leitura adicionada: 19.0
2025-05-27 05:54:01,902 - INFO - Leitura adicionada: 20.0
2025-05-27 05:57:01,909 - INFO - Leitura adicionada: 19.0
2025-05-27 05:57:01,913 - INFO - Leitura adicionada: 20.0
2025-05-27 06:00:01,919 - INFO - Leitura adicionada: 19.0
2025-05-27 06:00:01,924 - INFO - Leitura adicionada: 20.0
2025-05-27 06:00:01,925 - INFO - 🔗 Batch publicado com 20 leituras | Hora: 2025-05-27T05:00:00
2025-05-27 06:03:01,932 - INFO - Leitura adicionada: 19.0
2025-05-27 06:03:01,937 - INFO - Leitura adicionada: 20.0
2025-05-27 06:06:01,944 - INFO - Leitura adicionada: 19.0
2025-05-27 06:06:01,950 - INFO - Leitura adicionada: 20.0
2025-05-27 06:09:01,955 - INFO - Leitura adicionada: 19.0
2025-05-27 06:09:01,960 - INFO - Leitura adicionada: 20.0
2025-05-27 06:11:59,023 - INFO - open_secure_channel
2025-05-27 06:12:01,966 - INFO - Leitura adicionada: 19.0
2025-05-27 06:12:01,970 - INFO - Leitura adicionada: 20.0
2025-05-27 06:15:01,976 - INFO - Leitura adicionada: 19.0
2025-05-27 06:15:01,980 - INFO - Leitura adicionada: 20.0
2025-05-27 06:18:01,986 - INFO - Leitura adicionada: 19.0
2025-05-27 06:18:01,991 - INFO - Leitura adicionada: 20.0
2025-05-27 06:21:01,996 - INFO - Leitura adicionada: 19.0
2025-05-27 06:21:02,001 - INFO - Leitura adicionada: 20.0
2025-05-27 06:24:02,007 - INFO - Leitura adicionada: 19.0
2025-05-27 06:24:02,012 - INFO - Leitura adicionada: 20.0
2025-05-27 06:27:02,019 - INFO - Leitura adicionada: 19.0
2025-05-27 06:27:02,024 - INFO - Leitura adicionada: 20.0
2025-05-27 06:30:02,031 - INFO - Leitura adicionada: 19.0
2025-05-27 06:30:02,035 - INFO - Leitura adicionada: 20.0
2025-05-27 06:33:02,040 - INFO - Leitura adicionada: 19.0
2025-05-27 06:33:02,044 - INFO - Leitura adicionada: 20.0
2025-05-27 06:36:02,050 - INFO - Leitura adicionada: 19.0
2025-05-27 06:36:02,055 - INFO - Leitura adicionada: 20.0
2025-05-27 06:39:02,060 - INFO - Leitura adicionada: 19.0
2025-05-27 06:39:02,065 - INFO - Leitura adicionada: 20.0
2025-05-27 06:42:02,071 - INFO - Leitura adicionada: 19.0
2025-05-27 06:42:02,075 - INFO - Leitura adicionada: 20.0
2025-05-27 06:45:02,080 - INFO - Leitura adicionada: 19.0
2025-05-27 06:45:02,085 - INFO - Leitura adicionada: 20.0
2025-05-27 06:48:02,091 - INFO - Leitura adicionada: 19.0
2025-05-27 06:48:02,095 - INFO - Leitura adicionada: 20.0
2025-05-27 06:51:02,102 - INFO - Leitura adicionada: 19.0
2025-05-27 06:51:02,107 - INFO - Leitura adicionada: 20.0
2025-05-27 06:54:02,114 - INFO - Leitura adicionada: 19.0
2025-05-27 06:54:02,118 - INFO - Leitura adicionada: 20.0
2025-05-27 06:56:59,033 - INFO - open_secure_channel
2025-05-27 06:57:02,126 - INFO - Leitura adicionada: 19.0
2025-05-27 06:57:02,130 - INFO - Leitura adicionada: 20.0
2025-05-27 07:00:02,136 - INFO - Leitura adicionada: 19.0
2025-05-27 07:00:02,140 - INFO - Leitura adicionada: 20.0
2025-05-27 07:00:02,142 - INFO - 🔗 Batch publicado com 20 leituras | Hora: 2025-05-27T06:00:00
2025-05-27 07:03:02,147 - INFO - Leitura adicionada: 19.0
2025-05-27 07:03:02,151 - INFO - Leitura adicionada: 20.0
2025-05-27 07:06:02,156 - INFO - Leitura adicionada: 19.0
2025-05-27 07:06:02,161 - INFO - Leitura adicionada: 20.0
2025-05-27 07:09:02,167 - INFO - Leitura adicionada: 19.0
2025-05-27 07:09:02,171 - INFO - Leitura adicionada: 20.0
2025-05-27 07:12:02,177 - INFO - Leitura adicionada: 19.0
2025-05-27 07:12:02,182 - INFO - Leitura adicionada: 20.0
2025-05-27 07:15:02,188 - INFO - Leitura adicionada: 19.0
2025-05-27 07:15:02,192 - INFO - Leitura adicionada: 20.0
2025-05-27 07:18:02,198 - INFO - Leitura adicionada: 19.0
2025-05-27 07:18:02,202 - INFO - Leitura adicionada: 20.0
2025-05-27 07:21:02,209 - INFO - Leitura adicionada: 19.0
2025-05-27 07:21:02,214 - INFO - Leitura adicionada: 20.0
2025-05-27 07:24:02,220 - INFO - Leitura adicionada: 19.0
2025-05-27 07:24:02,229 - INFO - Leitura adicionada: 20.0
2025-05-27 07:27:02,235 - INFO - Leitura adicionada: 19.0
2025-05-27 07:27:02,239 - INFO - Leitura adicionada: 20.0
2025-05-27 07:30:02,245 - INFO - Leitura adicionada: 19.0
2025-05-27 07:30:02,249 - INFO - Leitura adicionada: 20.0
2025-05-27 07:33:02,255 - INFO - Leitura adicionada: 19.0
2025-05-27 07:33:02,259 - INFO - Leitura adicionada: 20.0
2025-05-27 07:36:02,265 - INFO - Leitura adicionada: 19.0
2025-05-27 07:36:02,270 - INFO - Leitura adicionada: 20.0
2025-05-27 07:39:02,279 - INFO - Leitura adicionada: 19.0
2025-05-27 07:39:02,285 - INFO - Leitura adicionada: 20.0
2025-05-27 07:41:59,041 - INFO - open_secure_channel
2025-05-27 07:42:02,291 - INFO - Leitura adicionada: 19.0
2025-05-27 07:42:02,296 - INFO - Leitura adicionada: 20.0
2025-05-27 07:45:02,303 - INFO - Leitura adicionada: 19.0
2025-05-27 07:45:02,307 - INFO - Leitura adicionada: 20.0
2025-05-27 07:48:02,313 - INFO - Leitura adicionada: 19.0
2025-05-27 07:48:02,318 - INFO - Leitura adicionada: 20.0
2025-05-27 07:51:02,324 - INFO - Leitura adicionada: 19.0
2025-05-27 07:51:02,329 - INFO - Leitura adicionada: 20.0
2025-05-27 07:54:02,334 - INFO - Leitura adicionada: 19.0
2025-05-27 07:54:02,339 - INFO - Leitura adicionada: 20.0
2025-05-27 07:57:02,345 - INFO - Leitura adicionada: 19.0
2025-05-27 07:57:02,350 - INFO - Leitura adicionada: 20.0
2025-05-27 08:00:02,356 - INFO - Leitura adicionada: 19.0
2025-05-27 08:00:02,360 - INFO - Leitura adicionada: 20.0
2025-05-27 08:00:02,362 - INFO - 🔗 Batch publicado com 20 leituras | Hora: 2025-05-27T07:00:00
2025-05-27 08:03:02,367 - INFO - Leitura adicionada: 19.0
2025-05-27 08:03:02,372 - INFO - Leitura adicionada: 20.0
2025-05-27 08:06:02,378 - INFO - Leitura adicionada: 19.0
2025-05-27 08:06:02,382 - INFO - Leitura adicionada: 20.0
2025-05-27 08:09:02,390 - INFO - Leitura adicionada: 19.0
2025-05-27 08:09:02,396 - INFO - Leitura adicionada: 20.0
2025-05-27 08:12:02,402 - INFO - Leitura adicionada: 19.0
2025-05-27 08:12:02,407 - INFO - Leitura adicionada: 20.0
2025-05-27 08:15:02,413 - INFO - Leitura adicionada: 19.0
2025-05-27 08:15:02,418 - INFO - Leitura adicionada: 20.0
2025-05-27 08:18:02,424 - INFO - Leitura adicionada: 19.0
2025-05-27 08:18:02,429 - INFO - Leitura adicionada: 20.0
2025-05-27 08:21:02,434 - INFO - Leitura adicionada: 19.0
2025-05-27 08:21:02,438 - INFO - Leitura adicionada: 20.0
2025-05-27 08:24:02,445 - INFO - Leitura adicionada: 19.0
2025-05-27 08:24:02,449 - INFO - Leitura adicionada: 20.0
2025-05-27 08:26:59,054 - INFO - open_secure_channel
2025-05-27 08:27:02,455 - INFO - Leitura adicionada: 19.0
2025-05-27 08:27:02,460 - INFO - Leitura adicionada: 20.0
2025-05-27 08:30:02,466 - INFO - Leitura adicionada: 19.0
2025-05-27 08:30:02,470 - INFO - Leitura adicionada: 20.0
2025-05-27 08:33:02,476 - INFO - Leitura adicionada: 19.0
2025-05-27 08:33:02,481 - INFO - Leitura adicionada: 20.0
2025-05-27 08:36:02,489 - INFO - Leitura adicionada: 19.0
2025-05-27 08:36:02,493 - INFO - Leitura adicionada: 20.0
2025-05-27 08:39:02,499 - INFO - Leitura adicionada: 19.0
2025-05-27 08:39:02,503 - INFO - Leitura adicionada: 20.0
2025-05-27 08:42:02,510 - INFO - Leitura adicionada: 19.0
2025-05-27 08:42:02,514 - INFO - Leitura adicionada: 20.0
2025-05-27 08:45:02,520 - INFO - Leitura adicionada: 19.0
2025-05-27 08:45:02,525 - INFO - Leitura adicionada: 20.0
2025-05-27 08:48:02,531 - INFO - Leitura adicionada: 19.0
2025-05-27 08:48:02,535 - INFO - Leitura adicionada: 20.0
2025-05-27 08:51:02,540 - INFO - Leitura adicionada: 19.0
2025-05-27 08:51:02,544 - INFO - Leitura adicionada: 20.0
2025-05-27 08:54:02,550 - INFO - Leitura adicionada: 19.0
2025-05-27 08:54:02,554 - INFO - Leitura adicionada: 20.0
2025-05-27 08:57:02,561 - INFO - Leitura adicionada: 19.0
2025-05-27 08:57:02,565 - INFO - Leitura adicionada: 20.0
2025-05-27 09:00:02,571 - INFO - Leitura adicionada: 19.0
2025-05-27 09:00:02,575 - INFO - Leitura adicionada: 20.0
2025-05-27 09:00:02,577 - INFO - 🔗 Batch publicado com 20 leituras | Hora: 2025-05-27T08:00:00
2025-05-27 09:03:02,583 - INFO - Leitura adicionada: 19.0
2025-05-27 09:03:02,587 - INFO - Leitura adicionada: 20.0
2025-05-27 09:06:02,593 - INFO - Leitura adicionada: 19.0
2025-05-27 09:06:02,598 - INFO - Leitura adicionada: 20.0
2025-05-27 09:09:02,604 - INFO - Leitura adicionada: 19.0
2025-05-27 09:09:02,608 - INFO - Leitura adicionada: 20.0
2025-05-27 09:11:59,063 - INFO - open_secure_channel
2025-05-27 09:12:02,614 - INFO - Leitura adicionada: 19.0
2025-05-27 09:12:02,618 - INFO - Leitura adicionada: 20.0
2025-05-27 09:15:02,623 - INFO - Leitura adicionada: 19.0
2025-05-27 09:15:02,629 - INFO - Leitura adicionada: 20.0
2025-05-27 09:18:02,634 - INFO - Leitura adicionada: 19.0
2025-05-27 09:18:02,639 - INFO - Leitura adicionada: 20.0
2025-05-27 09:21:02,644 - INFO - Leitura adicionada: 19.0
2025-05-27 09:21:02,648 - INFO - Leitura adicionada: 20.0
2025-05-27 09:24:02,654 - INFO - Leitura adicionada: 19.0
2025-05-27 09:24:02,658 - INFO - Leitura adicionada: 20.0
2025-05-27 09:27:02,664 - INFO - Leitura adicionada: 19.0
2025-05-27 09:27:02,669 - INFO - Leitura adicionada: 20.0
2025-05-27 09:30:02,676 - INFO - Leitura adicionada: 19.0
2025-05-27 09:30:02,681 - INFO - Leitura adicionada: 20.0
2025-05-27 09:33:02,686 - INFO - Leitura adicionada: 19.0
2025-05-27 09:33:02,691 - INFO - Leitura adicionada: 20.0
2025-05-27 09:36:02,697 - INFO - Leitura adicionada: 19.0
2025-05-27 09:36:02,702 - INFO - Leitura adicionada: 20.0
2025-05-27 09:39:02,708 - INFO - Leitura adicionada: 19.0
2025-05-27 09:39:02,713 - INFO - Leitura adicionada: 20.0
2025-05-27 09:42:02,721 - INFO - Leitura adicionada: 19.0
2025-05-27 09:42:02,729 - INFO - Leitura adicionada: 20.0
2025-05-27 09:45:02,735 - INFO - Leitura adicionada: 19.0
2025-05-27 09:45:02,739 - INFO - Leitura adicionada: 20.0
2025-05-27 09:48:02,745 - INFO - Leitura adicionada: 19.0
2025-05-27 09:48:02,749 - INFO - Leitura adicionada: 20.0
2025-05-27 09:51:02,755 - INFO - Leitura adicionada: 19.0
2025-05-27 09:51:02,759 - INFO - Leitura adicionada: 20.0
2025-05-27 09:54:02,765 - INFO - Leitura adicionada: 19.0
2025-05-27 09:54:02,770 - INFO - Leitura adicionada: 20.0
2025-05-27 09:56:59,072 - INFO - open_secure_channel
2025-05-27 09:57:02,777 - INFO - Leitura adicionada: 19.0
2025-05-27 09:57:02,783 - INFO - Leitura adicionada: 20.0
2025-05-27 10:00:02,789 - INFO - Leitura adicionada: 19.0
2025-05-27 10:00:02,794 - INFO - Leitura adicionada: 20.0
2025-05-27 10:00:02,796 - INFO - 🔗 Batch publicado com 20 leituras | Hora: 2025-05-27T09:00:00
2025-05-27 10:03:02,802 - INFO - Leitura adicionada: 19.0
2025-05-27 10:03:02,807 - INFO - Leitura adicionada: 20.0
2025-05-27 10:06:02,814 - INFO - Leitura adicionada: 19.0
2025-05-27 10:06:02,819 - INFO - Leitura adicionada: 20.0
2025-05-27 10:09:02,825 - INFO - Leitura adicionada: 19.0
2025-05-27 10:09:02,830 - INFO - Leitura adicionada: 20.0
2025-05-27 10:12:02,835 - INFO - Leitura adicionada: 19.0
2025-05-27 10:12:02,839 - INFO - Leitura adicionada: 20.0
2025-05-27 10:15:02,845 - INFO - Leitura adicionada: 19.0
2025-05-27 10:15:02,849 - INFO - Leitura adicionada: 20.0
2025-05-27 10:18:02,854 - INFO - Leitura adicionada: 19.0
2025-05-27 10:18:02,859 - INFO - Leitura adicionada: 20.0
2025-05-27 10:21:02,865 - INFO - Leitura adicionada: 19.0
2025-05-27 10:21:02,869 - INFO - Leitura adicionada: 20.0
2025-05-27 10:24:02,876 - INFO - Leitura adicionada: 19.0
2025-05-27 10:24:02,880 - INFO - Leitura adicionada: 20.0
2025-05-27 10:27:02,887 - INFO - Leitura adicionada: 19.0
2025-05-27 10:27:02,894 - INFO - Leitura adicionada: 20.0
2025-05-27 10:30:02,901 - INFO - Leitura adicionada: 19.0
2025-05-27 10:30:02,906 - INFO - Leitura adicionada: 20.0
2025-05-27 10:33:02,912 - INFO - Leitura adicionada: 19.0
2025-05-27 10:33:02,917 - INFO - Leitura adicionada: 20.0
2025-05-27 10:36:02,924 - INFO - Leitura adicionada: 19.0
2025-05-27 10:36:02,929 - INFO - Leitura adicionada: 20.0
2025-05-27 10:39:02,934 - INFO - Leitura adicionada: 19.0
2025-05-27 10:39:02,938 - INFO - Leitura adicionada: 20.0
2025-05-27 10:41:59,081 - INFO - open_secure_channel
2025-05-27 10:42:02,943 - INFO - Leitura adicionada: 19.0
2025-05-27 10:42:02,948 - INFO - Leitura adicionada: 20.0
2025-05-27 10:45:02,953 - INFO - Leitura adicionada: 19.0
2025-05-27 10:45:02,958 - INFO - Leitura adicionada: 20.0
2025-05-27 10:48:02,963 - INFO - Leitura adicionada: 19.0
2025-05-27 10:48:02,967 - INFO - Leitura adicionada: 20.0
2025-05-27 10:51:02,973 - INFO - Leitura adicionada: 19.0
2025-05-27 10:51:02,977 - INFO - Leitura adicionada: 20.0
2025-05-27 10:54:02,983 - INFO - Leitura adicionada: 19.0
2025-05-27 10:54:02,988 - INFO - Leitura adicionada: 20.0
2025-05-27 10:57:02,995 - INFO - Leitura adicionada: 19.0
2025-05-27 10:57:03,000 - INFO - Leitura adicionada: 20.0
2025-05-27 11:00:03,006 - INFO - Leitura adicionada: 19.0
2025-05-27 11:00:03,011 - INFO - Leitura adicionada: 20.0
2025-05-27 11:00:03,017 - INFO - 🔗 Batch publicado com 20 leituras | Hora: 2025-05-27T10:00:00
2025-05-27 11:03:03,024 - INFO - Leitura adicionada: 19.0
2025-05-27 11:03:03,028 - INFO - Leitura adicionada: 20.0
2025-05-27 11:06:03,034 - INFO - Leitura adicionada: 19.0
2025-05-27 11:06:03,038 - INFO - Leitura adicionada: 20.0
2025-05-27 11:09:03,044 - INFO - Leitura adicionada: 19.0
2025-05-27 11:09:03,048 - INFO - Leitura adicionada: 20.0
2025-05-27 11:12:03,054 - INFO - Leitura adicionada: 19.0
2025-05-27 11:12:03,058 - INFO - Leitura adicionada: 20.0
2025-05-27 11:15:03,064 - INFO - Leitura adicionada: 19.0
2025-05-27 11:15:03,072 - INFO - Leitura adicionada: 20.0
2025-05-27 11:18:03,079 - INFO - Leitura adicionada: 19.0
2025-05-27 11:18:03,083 - INFO - Leitura adicionada: 20.0
2025-05-27 11:21:03,089 - INFO - Leitura adicionada: 19.0
2025-05-27 11:21:03,093 - INFO - Leitura adicionada: 20.0
2025-05-27 11:24:03,100 - INFO - Leitura adicionada: 19.0
2025-05-27 11:24:03,104 - INFO - Leitura adicionada: 20.0
2025-05-27 11:26:59,091 - INFO - open_secure_channel
2025-05-27 11:27:03,110 - INFO - Leitura adicionada: 19.0
2025-05-27 11:27:03,114 - INFO - Leitura adicionada: 20.0
2025-05-27 11:30:03,122 - INFO - Leitura adicionada: 19.0
2025-05-27 11:30:03,128 - INFO - Leitura adicionada: 20.0
2025-05-27 11:33:03,134 - INFO - Leitura adicionada: 19.0
2025-05-27 11:33:03,139 - INFO - Leitura adicionada: 20.0
2025-05-27 11:36:03,144 - INFO - Leitura adicionada: 19.0
2025-05-27 11:36:03,148 - INFO - Leitura adicionada: 20.0
2025-05-27 11:39:03,154 - INFO - Leitura adicionada: 19.0
2025-05-27 11:39:03,159 - INFO - Leitura adicionada: 20.0
2025-05-27 11:42:03,164 - INFO - Leitura adicionada: 19.0
2025-05-27 11:42:03,169 - INFO - Leitura adicionada: 20.0
2025-05-27 11:45:03,173 - INFO - Leitura adicionada: 19.0
2025-05-27 11:45:03,176 - INFO - Leitura adicionada: 20.0
2025-05-27 11:48:03,181 - INFO - Leitura adicionada: 19.0
2025-05-27 11:48:03,185 - INFO - Leitura adicionada: 20.0
2025-05-27 11:51:03,191 - INFO - Leitura adicionada: 19.0
2025-05-27 11:51:03,196 - INFO - Leitura adicionada: 20.0
2025-05-27 11:54:03,202 - INFO - Leitura adicionada: 19.0
2025-05-27 11:54:03,206 - INFO - Leitura adicionada: 20.0
2025-05-27 11:57:03,212 - INFO - Leitura adicionada: 19.0
2025-05-27 11:57:03,216 - INFO - Leitura adicionada: 20.0
2025-05-27 12:00:03,222 - INFO - Leitura adicionada: 19.0
2025-05-27 12:00:03,229 - INFO - Leitura adicionada: 20.0
2025-05-27 12:00:03,232 - INFO - 🔗 Batch publicado com 20 leituras | Hora: 2025-05-27T11:00:00
2025-05-27 12:03:03,238 - INFO - Leitura adicionada: 19.0
2025-05-27 12:03:03,242 - INFO - Leitura adicionada: 20.0
2025-05-27 12:06:03,248 - INFO - Leitura adicionada: 19.0
2025-05-27 12:06:03,254 - INFO - Leitura adicionada: 20.0
2025-05-27 12:09:03,259 - INFO - Leitura adicionada: 19.0
2025-05-27 12:09:03,263 - INFO - Leitura adicionada: 20.0
2025-05-27 12:11:59,099 - INFO - open_secure_channel
2025-05-27 12:12:03,269 - INFO - Leitura adicionada: 19.0
2025-05-27 12:12:03,274 - INFO - Leitura adicionada: 20.0
2025-05-27 12:15:03,282 - INFO - Leitura adicionada: 19.0
2025-05-27 12:15:03,288 - INFO - Leitura adicionada: 20.0
2025-05-27 12:18:03,295 - INFO - Leitura adicionada: 19.0
2025-05-27 12:18:03,299 - INFO - Leitura adicionada: 20.0
2025-05-27 12:21:03,305 - INFO - Leitura adicionada: 19.0
2025-05-27 12:21:03,309 - INFO - Leitura adicionada: 20.0
2025-05-27 12:24:03,316 - INFO - Leitura adicionada: 19.0
2025-05-27 12:24:03,321 - INFO - Leitura adicionada: 20.0
2025-05-27 12:27:03,325 - INFO - Leitura adicionada: 19.0
2025-05-27 12:27:03,330 - INFO - Leitura adicionada: 20.0
2025-05-27 12:30:03,335 - INFO - Leitura adicionada: 19.0
2025-05-27 12:30:03,339 - INFO - Leitura adicionada: 20.0
2025-05-27 12:33:03,346 - INFO - Leitura adicionada: 19.0
2025-05-27 12:33:03,350 - INFO - Leitura adicionada: 20.0
2025-05-27 12:36:03,357 - INFO - Leitura adicionada: 19.0
2025-05-27 12:36:03,362 - INFO - Leitura adicionada: 20.0
2025-05-27 12:39:03,367 - INFO - Leitura adicionada: 19.0
2025-05-27 12:39:03,371 - INFO - Leitura adicionada: 20.0
2025-05-27 12:42:03,378 - INFO - Leitura adicionada: 19.0
2025-05-27 12:42:03,382 - INFO - Leitura adicionada: 20.0
2025-05-27 12:45:03,388 - INFO - Leitura adicionada: 19.0
2025-05-27 12:45:03,392 - INFO - Leitura adicionada: 20.0
2025-05-27 12:48:03,398 - INFO - Leitura adicionada: 19.0
2025-05-27 12:48:03,402 - INFO - Leitura adicionada: 20.0
2025-05-27 12:51:03,409 - INFO - Leitura adicionada: 19.0
2025-05-27 12:51:03,413 - INFO - Leitura adicionada: 20.0
2025-05-27 12:54:03,419 - INFO - Leitura adicionada: 19.0
2025-05-27 12:54:03,423 - INFO - Leitura adicionada: 20.0
2025-05-27 12:56:59,109 - INFO - open_secure_channel
2025-05-27 12:57:03,427 - INFO - Leitura adicionada: 19.0
2025-05-27 12:57:03,431 - INFO - Leitura adicionada: 20.0
2025-05-27 13:00:03,437 - INFO - Leitura adicionada: 19.0
2025-05-27 13:00:03,442 - INFO - Leitura adicionada: 20.0
2025-05-27 13:00:03,444 - INFO - 🔗 Batch publicado com 20 leituras | Hora: 2025-05-27T12:00:00
2025-05-27 13:03:03,449 - INFO - Leitura adicionada: 19.0
2025-05-27 13:03:03,454 - INFO - Leitura adicionada: 20.0
2025-05-27 13:06:03,460 - INFO - Leitura adicionada: 19.0
2025-05-27 13:06:03,464 - INFO - Leitura adicionada: 20.0
2025-05-27 13:09:03,470 - INFO - Leitura adicionada: 19.0
2025-05-27 13:09:03,475 - INFO - Leitura adicionada: 20.0
2025-05-27 13:12:03,481 - INFO - Leitura adicionada: 19.0
2025-05-27 13:12:03,486 - INFO - Leitura adicionada: 20.0
2025-05-27 13:15:03,492 - INFO - Leitura adicionada: 19.0
2025-05-27 13:15:03,496 - INFO - Leitura adicionada: 20.0
2025-05-27 13:18:03,502 - INFO - Leitura adicionada: 19.0
2025-05-27 13:18:03,506 - INFO - Leitura adicionada: 20.0
2025-05-27 13:21:03,513 - INFO - Leitura adicionada: 19.0
2025-05-27 13:21:03,518 - INFO - Leitura adicionada: 20.0
2025-05-27 13:24:03,523 - INFO - Leitura adicionada: 19.0
2025-05-27 13:24:03,528 - INFO - Leitura adicionada: 20.0
2025-05-27 13:27:03,533 - INFO - Leitura adicionada: 19.0
2025-05-27 13:27:03,538 - INFO - Leitura adicionada: 20.0
2025-05-27 13:30:03,544 - INFO - Leitura adicionada: 19.0
2025-05-27 13:30:03,550 - INFO - Leitura adicionada: 20.0
2025-05-27 13:33:03,558 - INFO - Leitura adicionada: 19.0
2025-05-27 13:33:03,565 - INFO - Leitura adicionada: 20.0
2025-05-27 13:36:03,572 - INFO - Leitura adicionada: 19.0
2025-05-27 13:36:03,576 - INFO - Leitura adicionada: 20.0
2025-05-27 13:39:03,581 - INFO - Leitura adicionada: 19.0
2025-05-27 13:39:03,586 - INFO - Leitura adicionada: 20.0
2025-05-27 13:41:59,118 - INFO - open_secure_channel
2025-05-27 13:42:03,592 - INFO - Leitura adicionada: 19.0
2025-05-27 13:42:03,596 - INFO - Leitura adicionada: 20.0
2025-05-27 13:45:03,605 - INFO - Leitura adicionada: 19.0
2025-05-27 13:45:03,609 - INFO - Leitura adicionada: 20.0
2025-05-27 13:48:03,616 - INFO - Leitura adicionada: 19.0
2025-05-27 13:48:03,621 - INFO - Leitura adicionada: 20.0
2025-05-27 13:51:03,627 - INFO - Leitura adicionada: 19.0
2025-05-27 13:51:03,632 - INFO - Leitura adicionada: 20.0
2025-05-27 13:54:03,638 - INFO - Leitura adicionada: 19.0
2025-05-27 13:54:03,642 - INFO - Leitura adicionada: 20.0
2025-05-27 13:57:03,648 - INFO - Leitura adicionada: 19.0
2025-05-27 13:57:03,653 - INFO - Leitura adicionada: 20.0
2025-05-27 14:00:03,659 - INFO - Leitura adicionada: 19.0
2025-05-27 14:00:03,663 - INFO - Leitura adicionada: 20.0
2025-05-27 14:00:03,665 - INFO - 🔗 Batch publicado com 20 leituras | Hora: 2025-05-27T13:00:00
2025-05-27 14:03:03,672 - INFO - Leitura adicionada: 19.0
2025-05-27 14:03:03,676 - INFO - Leitura adicionada: 20.0
2025-05-27 14:06:03,683 - INFO - Leitura adicionada: 19.0
2025-05-27 14:06:03,687 - INFO - Leitura adicionada: 20.0
2025-05-27 14:09:03,693 - INFO - Leitura adicionada: 19.0
2025-05-27 14:09:03,698 - INFO - Leitura adicionada: 20.0
2025-05-27 14:12:03,704 - INFO - Leitura adicionada: 19.0
2025-05-27 14:12:03,708 - INFO - Leitura adicionada: 20.0
2025-05-27 14:15:03,714 - INFO - Leitura adicionada: 19.0
2025-05-27 14:15:03,719 - INFO - Leitura adicionada: 20.0
2025-05-27 14:18:03,726 - INFO - Leitura adicionada: 19.0
2025-05-27 14:18:03,730 - INFO - Leitura adicionada: 20.0
2025-05-27 14:21:03,736 - INFO - Leitura adicionada: 19.0
2025-05-27 14:21:03,740 - INFO - Leitura adicionada: 20.0
2025-05-27 14:24:03,746 - INFO - Leitura adicionada: 19.0
2025-05-27 14:24:03,750 - INFO - Leitura adicionada: 20.0
2025-05-27 14:26:59,128 - INFO - open_secure_channel
2025-05-27 14:27:03,756 - INFO - Leitura adicionada: 19.0
2025-05-27 14:27:03,760 - INFO - Leitura adicionada: 20.0
2025-05-27 14:30:03,766 - INFO - Leitura adicionada: 19.0
2025-05-27 14:30:03,770 - INFO - Leitura adicionada: 20.0
2025-05-27 14:33:03,776 - INFO - Leitura adicionada: 19.0
2025-05-27 14:33:03,782 - INFO - Leitura adicionada: 20.0
2025-05-27 14:36:03,789 - INFO - Leitura adicionada: 19.0
2025-05-27 14:36:03,793 - INFO - Leitura adicionada: 20.0
2025-05-27 14:39:03,801 - INFO - Leitura adicionada: 19.0
2025-05-27 14:39:03,805 - INFO - Leitura adicionada: 20.0
2025-05-27 14:42:03,812 - INFO - Leitura adicionada: 19.0
2025-05-27 14:42:03,816 - INFO - Leitura adicionada: 20.0
2025-05-27 14:45:03,823 - INFO - Leitura adicionada: 19.0
2025-05-27 14:45:03,827 - INFO - Leitura adicionada: 20.0
2025-05-27 14:48:03,833 - INFO - Leitura adicionada: 19.0
2025-05-27 14:48:03,837 - INFO - Leitura adicionada: 20.0
2025-05-27 14:51:03,843 - INFO - Leitura adicionada: 19.0
2025-05-27 14:51:03,848 - INFO - Leitura adicionada: 20.0
2025-05-27 14:54:03,854 - INFO - Leitura adicionada: 19.0
2025-05-27 14:54:03,858 - INFO - Leitura adicionada: 20.0
2025-05-27 14:57:03,864 - INFO - Leitura adicionada: 19.0
2025-05-27 14:57:03,868 - INFO - Leitura adicionada: 20.0
2025-05-27 15:00:03,874 - INFO - Leitura adicionada: 19.0
2025-05-27 15:00:03,878 - INFO - Leitura adicionada: 20.0
2025-05-27 15:00:03,880 - INFO - 🔗 Batch publicado com 20 leituras | Hora: 2025-05-27T14:00:00
2025-05-27 15:03:03,886 - INFO - Leitura adicionada: 19.0
2025-05-27 15:03:03,890 - INFO - Leitura adicionada: 20.0
2025-05-27 15:06:03,900 - INFO - Leitura adicionada: 19.0
2025-05-27 15:06:03,906 - INFO - Leitura adicionada: 20.0
2025-05-27 15:09:03,913 - INFO - Leitura adicionada: 19.0
2025-05-27 15:09:03,918 - INFO - Leitura adicionada: 20.0
2025-05-27 15:11:59,137 - INFO - open_secure_channel
2025-05-27 15:12:03,924 - INFO - Leitura adicionada: 19.0
2025-05-27 15:12:03,928 - INFO - Leitura adicionada: 20.0
2025-05-27 15:15:03,933 - INFO - Leitura adicionada: 19.0
2025-05-27 15:15:03,937 - INFO - Leitura adicionada: 20.0
2025-05-27 15:18:03,943 - INFO - Leitura adicionada: 19.0
2025-05-27 15:18:03,948 - INFO - Leitura adicionada: 20.0
2025-05-27 15:21:03,956 - INFO - Leitura adicionada: 19.0
2025-05-27 15:21:03,962 - INFO - Leitura adicionada: 20.0
2025-05-27 15:24:03,968 - INFO - Leitura adicionada: 19.0
2025-05-27 15:24:03,973 - INFO - Leitura adicionada: 20.0
2025-05-27 15:27:03,979 - INFO - Leitura adicionada: 19.0
2025-05-27 15:27:03,983 - INFO - Leitura adicionada: 20.0
2025-05-27 15:30:03,989 - INFO - Leitura adicionada: 19.0
2025-05-27 15:30:03,994 - INFO - Leitura adicionada: 20.0
2025-05-27 15:33:04,000 - INFO - Leitura adicionada: 19.0
2025-05-27 15:33:04,004 - INFO - Leitura adicionada: 20.0
2025-05-27 15:36:04,011 - INFO - Leitura adicionada: 19.0
2025-05-27 15:36:04,015 - INFO - Leitura adicionada: 20.0
2025-05-27 15:39:04,021 - INFO - Leitura adicionada: 19.0
2025-05-27 15:39:04,025 - INFO - Leitura adicionada: 20.0
2025-05-27 15:42:04,030 - INFO - Leitura adicionada: 19.0
2025-05-27 15:42:04,034 - INFO - Leitura adicionada: 20.0
2025-05-27 15:45:04,040 - INFO - Leitura adicionada: 19.0
2025-05-27 15:45:04,044 - INFO - Leitura adicionada: 20.0
2025-05-27 15:48:04,051 - INFO - Leitura adicionada: 19.0
2025-05-27 15:48:04,055 - INFO - Leitura adicionada: 20.0
2025-05-27 15:51:04,060 - INFO - Leitura adicionada: 19.0
2025-05-27 15:51:04,065 - INFO - Leitura adicionada: 20.0
2025-05-27 15:54:04,071 - INFO - Leitura adicionada: 19.0
2025-05-27 15:54:04,077 - INFO - Leitura adicionada: 20.0
2025-05-27 15:56:59,146 - INFO - open_secure_channel
2025-05-27 15:57:04,084 - INFO - Leitura adicionada: 19.0
2025-05-27 15:57:04,089 - INFO - Leitura adicionada: 20.0
2025-05-27 16:00:04,094 - INFO - Leitura adicionada: 19.0
2025-05-27 16:00:04,100 - INFO - Leitura adicionada: 20.0
2025-05-27 16:00:04,101 - INFO - 🔗 Batch publicado com 20 leituras | Hora: 2025-05-27T15:00:00
2025-05-27 16:03:04,107 - INFO - Leitura adicionada: 19.0
2025-05-27 16:03:04,111 - INFO - Leitura adicionada: 20.0
2025-05-27 16:06:04,117 - INFO - Leitura adicionada: 19.0
2025-05-27 16:06:04,121 - INFO - Leitura adicionada: 20.0
2025-05-27 16:09:04,126 - INFO - Leitura adicionada: 19.0
2025-05-27 16:09:04,131 - INFO - Leitura adicionada: 20.0
2025-05-27 16:12:04,136 - INFO - Leitura adicionada: 19.0
2025-05-27 16:12:04,140 - INFO - Leitura adicionada: 20.0
2025-05-27 16:15:04,146 - INFO - Leitura adicionada: 19.0
2025-05-27 16:15:04,151 - INFO - Leitura adicionada: 20.0
2025-05-27 16:18:04,156 - INFO - Leitura adicionada: 19.0
2025-05-27 16:18:04,160 - INFO - Leitura adicionada: 20.0
2025-05-27 16:21:04,166 - INFO - Leitura adicionada: 19.0
2025-05-27 16:21:04,170 - INFO - Leitura adicionada: 20.0
2025-05-27 16:24:04,176 - INFO - Leitura adicionada: 19.0
2025-05-27 16:24:04,180 - INFO - Leitura adicionada: 20.0
2025-05-27 16:27:04,188 - INFO - Leitura adicionada: 19.0
2025-05-27 16:27:04,194 - INFO - Leitura adicionada: 20.0
2025-05-27 16:30:04,200 - INFO - Leitura adicionada: 19.0
2025-05-27 16:30:04,205 - INFO - Leitura adicionada: 20.0
2025-05-27 16:33:04,210 - INFO - Leitura adicionada: 19.0
2025-05-27 16:33:04,214 - INFO - Leitura adicionada: 20.0
2025-05-27 16:36:04,219 - INFO - Leitura adicionada: 19.0
2025-05-27 16:36:04,223 - INFO - Leitura adicionada: 20.0
2025-05-27 16:39:04,228 - INFO - Leitura adicionada: 19.0
2025-05-27 16:39:04,233 - INFO - Leitura adicionada: 20.0
2025-05-27 16:41:59,156 - INFO - open_secure_channel
2025-05-27 16:42:04,240 - INFO - Leitura adicionada: 19.0
2025-05-27 16:42:04,244 - INFO - Leitura adicionada: 20.0
2025-05-27 16:45:04,251 - INFO - Leitura adicionada: 19.0
2025-05-27 16:45:04,255 - INFO - Leitura adicionada: 20.0
2025-05-27 16:48:04,261 - INFO - Leitura adicionada: 19.0
2025-05-27 16:48:04,265 - INFO - Leitura adicionada: 20.0
2025-05-27 16:51:04,272 - INFO - Leitura adicionada: 19.0
2025-05-27 16:51:04,276 - INFO - Leitura adicionada: 20.0
2025-05-27 16:54:04,285 - INFO - Leitura adicionada: 19.0
2025-05-27 16:54:04,291 - INFO - Leitura adicionada: 20.0
2025-05-27 16:57:04,298 - INFO - Leitura adicionada: 19.0
2025-05-27 16:57:04,303 - INFO - Leitura adicionada: 20.0
2025-05-27 17:00:04,309 - INFO - Leitura adicionada: 19.0
2025-05-27 17:00:04,313 - INFO - Leitura adicionada: 20.0
2025-05-27 17:00:04,315 - INFO - 🔗 Batch publicado com 20 leituras | Hora: 2025-05-27T16:00:00
2025-05-27 17:03:04,321 - INFO - Leitura adicionada: 19.0
2025-05-27 17:03:04,325 - INFO - Leitura adicionada: 20.0
2025-05-27 17:06:04,331 - INFO - Leitura adicionada: 19.0
2025-05-27 17:06:04,336 - INFO - Leitura adicionada: 20.0
2025-05-27 17:09:04,342 - INFO - Leitura adicionada: 19.0
2025-05-27 17:09:04,346 - INFO - Leitura adicionada: 20.0
2025-05-27 17:12:04,354 - INFO - Leitura adicionada: 19.0
2025-05-27 17:12:04,359 - INFO - Leitura adicionada: 20.0
2025-05-27 17:15:04,365 - INFO - Leitura adicionada: 19.0
2025-05-27 17:15:04,369 - INFO - Leitura adicionada: 20.0
2025-05-27 17:18:04,375 - INFO - Leitura adicionada: 19.0
2025-05-27 17:18:04,379 - INFO - Leitura adicionada: 20.0
2025-05-27 17:21:04,385 - INFO - Leitura adicionada: 19.0
2025-05-27 17:21:04,389 - INFO - Leitura adicionada: 20.0
2025-05-27 17:24:04,397 - INFO - Leitura adicionada: 19.0
2025-05-27 17:24:04,404 - INFO - Leitura adicionada: 20.0
2025-05-27 17:26:59,165 - INFO - open_secure_channel
2025-05-27 17:27:04,409 - INFO - Leitura adicionada: 19.0
2025-05-27 17:27:04,413 - INFO - Leitura adicionada: 20.0
2025-05-27 17:30:04,418 - INFO - Leitura adicionada: 19.0
2025-05-27 17:30:04,423 - INFO - Leitura adicionada: 20.0
2025-05-27 17:33:04,430 - INFO - Leitura adicionada: 19.0
2025-05-27 17:33:04,434 - INFO - Leitura adicionada: 20.0
2025-05-27 17:36:04,440 - INFO - Leitura adicionada: 19.0
2025-05-27 17:36:04,444 - INFO - Leitura adicionada: 20.0
2025-05-27 17:39:04,452 - INFO - Leitura adicionada: 19.0
2025-05-27 17:39:04,457 - INFO - Leitura adicionada: 20.0
2025-05-27 17:42:04,463 - INFO - Leitura adicionada: 19.0
2025-05-27 17:42:04,467 - INFO - Leitura adicionada: 20.0
2025-05-27 17:45:04,472 - INFO - Leitura adicionada: 19.0
2025-05-27 17:45:04,475 - INFO - Leitura adicionada: 20.0
2025-05-27 17:48:04,481 - INFO - Leitura adicionada: 19.0
2025-05-27 17:48:04,485 - INFO - Leitura adicionada: 20.0
2025-05-27 17:51:04,491 - INFO - Leitura adicionada: 19.0
2025-05-27 17:51:04,495 - INFO - Leitura adicionada: 20.0
2025-05-27 17:54:04,502 - INFO - Leitura adicionada: 19.0
2025-05-27 17:54:04,506 - INFO - Leitura adicionada: 20.0
2025-05-27 17:57:04,512 - INFO - Leitura adicionada: 19.0
2025-05-27 17:57:04,516 - INFO - Leitura adicionada: 20.0
2025-05-27 18:00:04,522 - INFO - Leitura adicionada: 19.0
2025-05-27 18:00:04,526 - INFO - Leitura adicionada: 20.0
2025-05-27 18:00:04,528 - INFO - 🔗 Batch publicado com 20 leituras | Hora: 2025-05-27T17:00:00
2025-05-27 18:03:04,533 - INFO - Leitura adicionada: 19.0
2025-05-27 18:03:04,538 - INFO - Leitura adicionada: 20.0
2025-05-27 18:06:04,543 - INFO - Leitura adicionada: 19.0
2025-05-27 18:06:04,547 - INFO - Leitura adicionada: 20.0
2025-05-27 18:09:04,554 - INFO - Leitura adicionada: 19.0
2025-05-27 18:09:04,558 - INFO - Leitura adicionada: 20.0
2025-05-27 18:11:59,174 - INFO - open_secure_channel
2025-05-27 18:12:04,564 - INFO - Leitura adicionada: 19.0
2025-05-27 18:12:04,569 - INFO - Leitura adicionada: 20.0
2025-05-27 18:15:04,575 - INFO - Leitura adicionada: 19.0
2025-05-27 18:15:04,579 - INFO - Leitura adicionada: 20.0
2025-05-27 18:18:04,585 - INFO - Leitura adicionada: 19.0
2025-05-27 18:18:04,590 - INFO - Leitura adicionada: 20.0
2025-05-27 18:21:04,596 - INFO - Leitura adicionada: 19.0
2025-05-27 18:21:04,600 - INFO - Leitura adicionada: 20.0
2025-05-27 18:24:04,606 - INFO - Leitura adicionada: 19.0
2025-05-27 18:24:04,610 - INFO - Leitura adicionada: 20.0
2025-05-27 18:27:04,616 - INFO - Leitura adicionada: 19.0
2025-05-27 18:27:04,621 - INFO - Leitura adicionada: 20.0
2025-05-27 18:30:04,626 - INFO - Leitura adicionada: 19.0
2025-05-27 18:30:04,630 - INFO - Leitura adicionada: 20.0
2025-05-27 18:33:04,637 - INFO - Leitura adicionada: 19.0
2025-05-27 18:33:04,642 - INFO - Leitura adicionada: 20.0
2025-05-27 18:36:04,648 - INFO - Leitura adicionada: 19.0
2025-05-27 18:36:04,652 - INFO - Leitura adicionada: 20.0
2025-05-27 18:39:04,658 - INFO - Leitura adicionada: 19.0
2025-05-27 18:39:04,663 - INFO - Leitura adicionada: 20.0
2025-05-27 18:42:04,669 - INFO - Leitura adicionada: 19.0
2025-05-27 18:42:04,674 - INFO - Leitura adicionada: 20.0
2025-05-27 18:45:04,679 - INFO - Leitura adicionada: 19.0
2025-05-27 18:45:04,683 - INFO - Leitura adicionada: 20.0
2025-05-27 18:48:04,690 - INFO - Leitura adicionada: 19.0
2025-05-27 18:48:04,694 - INFO - Leitura adicionada: 20.0
2025-05-27 18:51:04,699 - INFO - Leitura adicionada: 19.0
2025-05-27 18:51:04,704 - INFO - Leitura adicionada: 20.0
2025-05-27 18:54:04,709 - INFO - Leitura adicionada: 19.0
2025-05-27 18:54:04,713 - INFO - Leitura adicionada: 20.0
2025-05-27 18:56:59,184 - INFO - open_secure_channel
2025-05-27 18:57:04,719 - INFO - Leitura adicionada: 19.0
2025-05-27 18:57:04,724 - INFO - Leitura adicionada: 20.0
2025-05-27 19:00:04,730 - INFO - Leitura adicionada: 19.0
2025-05-27 19:00:04,734 - INFO - Leitura adicionada: 20.0
2025-05-27 19:00:04,736 - INFO - 🔗 Batch publicado com 20 leituras | Hora: 2025-05-27T18:00:00
2025-05-27 19:03:04,742 - INFO - Leitura adicionada: 19.0
2025-05-27 19:03:04,746 - INFO - Leitura adicionada: 20.0
2025-05-27 19:06:04,752 - INFO - Leitura adicionada: 19.0
2025-05-27 19:06:04,755 - INFO - Leitura adicionada: 20.0
2025-05-27 19:09:04,762 - INFO - Leitura adicionada: 19.0
2025-05-27 19:09:04,766 - INFO - Leitura adicionada: 20.0
2025-05-27 19:12:04,772 - INFO - Leitura adicionada: 19.0
2025-05-27 19:12:04,777 - INFO - Leitura adicionada: 20.0
2025-05-27 19:15:04,783 - INFO - Leitura adicionada: 19.0
2025-05-27 19:15:04,788 - INFO - Leitura adicionada: 20.0
2025-05-27 19:18:04,792 - INFO - Leitura adicionada: 19.0
2025-05-27 19:18:04,796 - INFO - Leitura adicionada: 20.0
2025-05-27 19:21:04,802 - INFO - Leitura adicionada: 19.0
2025-05-27 19:21:04,807 - INFO - Leitura adicionada: 20.0
2025-05-27 19:24:04,812 - INFO - Leitura adicionada: 19.0
2025-05-27 19:24:04,816 - INFO - Leitura adicionada: 20.0
2025-05-27 19:27:04,824 - INFO - Leitura adicionada: 19.0
2025-05-27 19:27:04,828 - INFO - Leitura adicionada: 20.0
2025-05-27 19:30:04,834 - INFO - Leitura adicionada: 19.0
2025-05-27 19:30:04,838 - INFO - Leitura adicionada: 20.0
2025-05-27 19:33:04,844 - INFO - Leitura adicionada: 19.0
2025-05-27 19:33:04,848 - INFO - Leitura adicionada: 20.0
2025-05-27 19:36:04,855 - INFO - Leitura adicionada: 19.0
2025-05-27 19:36:04,859 - INFO - Leitura adicionada: 20.0
2025-05-27 19:39:04,865 - INFO - Leitura adicionada: 19.0
2025-05-27 19:39:04,870 - INFO - Leitura adicionada: 20.0
2025-05-27 19:41:59,193 - INFO - open_secure_channel
2025-05-27 19:42:04,876 - INFO - Leitura adicionada: 19.0
2025-05-27 19:42:04,881 - INFO - Leitura adicionada: 20.0
2025-05-27 19:45:04,886 - INFO - Leitura adicionada: 19.0
2025-05-27 19:45:04,892 - INFO - Leitura adicionada: 20.0
2025-05-27 19:48:04,898 - INFO - Leitura adicionada: 19.0
2025-05-27 19:48:04,902 - INFO - Leitura adicionada: 20.0
2025-05-27 19:51:04,908 - INFO - Leitura adicionada: 19.0
2025-05-27 19:51:04,912 - INFO - Leitura adicionada: 20.0
2025-05-27 19:54:04,919 - INFO - Leitura adicionada: 19.0
2025-05-27 19:54:04,923 - INFO - Leitura adicionada: 20.0
2025-05-27 19:57:04,929 - INFO - Leitura adicionada: 19.0
2025-05-27 19:57:04,934 - INFO - Leitura adicionada: 20.0
2025-05-27 20:00:04,940 - INFO - Leitura adicionada: 19.0
2025-05-27 20:00:04,945 - INFO - Leitura adicionada: 20.0
2025-05-27 20:00:04,947 - INFO - 🔗 Batch publicado com 20 leituras | Hora: 2025-05-27T19:00:00
2025-05-27 20:03:04,953 - INFO - Leitura adicionada: 19.0
2025-05-27 20:03:04,957 - INFO - Leitura adicionada: 20.0
2025-05-27 20:06:04,963 - INFO - Leitura adicionada: 19.0
2025-05-27 20:06:04,968 - INFO - Leitura adicionada: 20.0
2025-05-27 20:09:04,975 - INFO - Leitura adicionada: 19.0
2025-05-27 20:09:04,980 - INFO - Leitura adicionada: 20.0
2025-05-27 20:12:04,986 - INFO - Leitura adicionada: 19.0
2025-05-27 20:12:04,990 - INFO - Leitura adicionada: 20.0
2025-05-27 20:15:04,995 - INFO - Leitura adicionada: 19.0
2025-05-27 20:15:04,999 - INFO - Leitura adicionada: 20.0
2025-05-27 20:18:05,005 - INFO - Leitura adicionada: 19.0
2025-05-27 20:18:05,009 - INFO - Leitura adicionada: 20.0
2025-05-27 20:21:05,015 - INFO - Leitura adicionada: 19.0
2025-05-27 20:21:05,019 - INFO - Leitura adicionada: 20.0
2025-05-27 20:24:05,025 - INFO - Leitura adicionada: 19.0
2025-05-27 20:24:05,029 - INFO - Leitura adicionada: 20.0
2025-05-27 20:26:59,206 - INFO - open_secure_channel
2025-05-27 20:27:05,036 - INFO - Leitura adicionada: 19.0
2025-05-27 20:27:05,044 - INFO - Leitura adicionada: 20.0
2025-05-27 20:30:05,050 - INFO - Leitura adicionada: 19.0
2025-05-27 20:30:05,054 - INFO - Leitura adicionada: 20.0
2025-05-27 20:33:05,061 - INFO - Leitura adicionada: 19.0
2025-05-27 20:33:05,066 - INFO - Leitura adicionada: 20.0
2025-05-27 20:36:05,072 - INFO - Leitura adicionada: 19.0
2025-05-27 20:36:05,076 - INFO - Leitura adicionada: 20.0
2025-05-27 20:39:05,082 - INFO - Leitura adicionada: 19.0
2025-05-27 20:39:05,086 - INFO - Leitura adicionada: 20.0
2025-05-27 20:42:05,094 - INFO - Leitura adicionada: 19.0
2025-05-27 20:42:05,100 - INFO - Leitura adicionada: 20.0
2025-05-27 20:45:05,108 - INFO - Leitura adicionada: 19.0
2025-05-27 20:45:05,112 - INFO - Leitura adicionada: 20.0
2025-05-27 20:48:05,118 - INFO - Leitura adicionada: 19.0
2025-05-27 20:48:05,122 - INFO - Leitura adicionada: 20.0
2025-05-27 20:51:05,128 - INFO - Leitura adicionada: 19.0
2025-05-27 20:51:05,132 - INFO - Leitura adicionada: 20.0
2025-05-27 20:54:05,139 - INFO - Leitura adicionada: 19.0
2025-05-27 20:54:05,144 - INFO - Leitura adicionada: 20.0
2025-05-27 20:57:05,150 - INFO - Leitura adicionada: 19.0
2025-05-27 20:57:05,154 - INFO - Leitura adicionada: 20.0
2025-05-27 21:00:05,160 - INFO - Leitura adicionada: 19.0
2025-05-27 21:00:05,165 - INFO - Leitura adicionada: 20.0
2025-05-27 21:00:05,167 - INFO - 🔗 Batch publicado com 20 leituras | Hora: 2025-05-27T20:00:00
2025-05-27 21:03:05,174 - INFO - Leitura adicionada: 19.0
2025-05-27 21:03:05,178 - INFO - Leitura adicionada: 20.0
2025-05-27 21:06:05,183 - INFO - Leitura adicionada: 19.0
2025-05-27 21:06:05,187 - INFO - Leitura adicionada: 20.0
2025-05-27 21:09:05,192 - INFO - Leitura adicionada: 19.0
2025-05-27 21:09:05,197 - INFO - Leitura adicionada: 20.0
2025-05-27 21:11:59,216 - INFO - open_secure_channel
2025-05-27 21:12:05,203 - INFO - Leitura adicionada: 19.0
2025-05-27 21:12:05,210 - INFO - Leitura adicionada: 20.0
2025-05-27 21:15:05,217 - INFO - Leitura adicionada: 19.0
2025-05-27 21:15:05,221 - INFO - Leitura adicionada: 20.0
2025-05-27 21:18:05,227 - INFO - Leitura adicionada: 19.0
2025-05-27 21:18:05,232 - INFO - Leitura adicionada: 20.0
2025-05-27 21:21:05,237 - INFO - Leitura adicionada: 19.0
2025-05-27 21:21:05,242 - INFO - Leitura adicionada: 20.0
2025-05-27 21:24:05,247 - INFO - Leitura adicionada: 19.0
2025-05-27 21:24:05,253 - INFO - Leitura adicionada: 20.0
2025-05-27 21:27:05,258 - INFO - Leitura adicionada: 19.0
2025-05-27 21:27:05,261 - INFO - Leitura adicionada: 20.0
2025-05-27 21:30:05,267 - INFO - Leitura adicionada: 19.0
2025-05-27 21:30:05,271 - INFO - Leitura adicionada: 20.0
2025-05-27 21:33:05,275 - INFO - Leitura adicionada: 19.0
2025-05-27 21:33:05,279 - INFO - Leitura adicionada: 20.0
2025-05-27 21:36:05,285 - INFO - Leitura adicionada: 19.0
2025-05-27 21:36:05,288 - INFO - Leitura adicionada: 20.0
2025-05-27 21:39:05,294 - INFO - Leitura adicionada: 19.0
2025-05-27 21:39:05,298 - INFO - Leitura adicionada: 20.0
2025-05-27 21:42:05,304 - INFO - Leitura adicionada: 19.0
2025-05-27 21:42:05,308 - INFO - Leitura adicionada: 20.0
